{
	"name":"Anime Japan",
	"author":"zlball",
	"image":"https://www.anime-japan.jp/2023/img/index/img_sld-1_2023_e.jpg",
	"url":"https://raw.githubusercontent.com/zealotboll/zealot/main/Main/Anime_list/Japan/Jp_list.lst",
		"group":[
			
			{
				"name":"Ojamajo Doremi แม่มดน้อยจอมยุ่งโดเรมี",
				"image":"https://www.anime-japan.jp/2023/img/index/img_sld-1_2023_e.jpg",
				"url":"https://raw.githubusercontent.com/zealotboll/zealot/main/Main/Anime_list/Japan/Ojamajo%20Doremi%20แม่มดน้อยจอมยุ่งโดเรมี.bin",
				"import":"true",
			},
			{
				"name":"Sirius the Jaeger",
				"image":"https://qph.cf2.quoracdn.net/main-qimg-848f22000c6e4e04cb4c988778d94d5d.webp",
				"url":"https://raw.githubusercontent.com/zealotboll/zealot/main/Main/Anime_list/Japan/Sirius%20the%20Jaeger.bin",
				"import":"",
			},
		]
	}